0:100  0:100  MemLog inited, TSC freq: 1797039260
0:100  0:000  CPU was calibrated with RTC
0:100  0:000  
0:100  0:000  Now is 22.10.2018,  12:44:31 (GMT)
0:100  0:000  Starting Clover revision: 4700 on TIMI EFI
0:100  0:000  Build with: [Args: -D NO_GRUB_DRIVERS_EMBEDDED -t XCODE8 | -D NO_GRUB_DRIVERS_EMBEDDED -D USE_LOW_EBDA -a X64 -b RELEASE -t XCODE8 -n 5 | OS: 10.13.6 | XCODE: 9.4.1]
0:100  0:000  SelfDevicePath=PciRoot(0x0)\Pci(0x17,0x0)\Sata(0x2,0x0,0x0)\HD(1,GPT,38BD7AF6-8EB2-4E69-B53F-8E455A3E3BE3,0x800,0xFA000) @7B6F3B58
0:100  0:000  SelfDirPath = \EFI\BOOT
0:100  0:000  === [ Get Smbios ] ========================================
0:100  0:000  Type 16 Index = 0
0:100  0:000  Total Memory Slots Count = 2
0:100  0:000  Type 17 Index = 0
0:100  0:000  Ignoring insane frequency value 0MHz
0:100  0:000  SmbiosTable.Type17->Speed = 0MHz
0:100  0:000  SmbiosTable.Type17->Size = 0MB
0:100  0:000  SmbiosTable.Type17->Bank/Device = BANK 0 ChannelA-DIMM0
0:100  0:000  SmbiosTable.Type17->Vendor = <null string>
0:100  0:000  SmbiosTable.Type17->SerialNumber = <null string>
0:100  0:000  SmbiosTable.Type17->PartNumber = <null string>
0:100  0:000  Type 17 Index = 1
0:100  0:000  SmbiosTable.Type17->Speed = 2400MHz
0:100  0:000  SmbiosTable.Type17->Size = 8192MB
0:100  0:000  SmbiosTable.Type17->Bank/Device = BANK 2 ChannelB-DIMM0
0:100  0:000  SmbiosTable.Type17->Vendor = Samsung
0:100  0:000  SmbiosTable.Type17->SerialNumber = 392675B0
0:100  0:000  SmbiosTable.Type17->PartNumber = M471A1K43CB1-CRC    
0:100  0:000  Boot status=0
0:100  0:000  Running on: 'TM1709' with board 'TM1709'
0:100  0:000  === [ GetCPUProperties ] ==================================
0:100  0:000  CPU Vendor = 756E6547 Model=806EA
0:100  0:000   The CPU supported SSE4.1
0:100  0:000  BrandString = Intel(R) Core(TM) i5-8250U CPU @ 1.60GHz
0:100  0:000   The CPU supported turbo
0:100  0:000  MSR 0x35               40008
0:100  0:000   TSC/CCC Information Leaf:
0:100  0:000    numerator     : 150
0:100  0:000    denominator   : 2
0:100  0:000   Calibrated ARTFrequency: 23960523
0:100  0:000  MSR 0xE2 before patch 1E008008
0:100  0:000  MSR 0xE2 is locked, PM patches will be turned on
0:100  0:000  MSR 0xCE              0004043D_F1011200
0:100  0:000  corrected FLEX_RATIO = 0
0:100  0:000  MSR 0x1B0             00000000
0:100  0:000  FSBFrequency = 84 MHz, DMI FSBFrequency = 100 MHz, Corrected FSBFrequency = 100 MHz
0:100  0:000  MaxDiv/MinDiv: 18.0/4
0:100  0:000  Turbo: 34/34/34/34
0:100  0:000  Features: 0xBFEBFBFF
0:100  0:000  Threads: 8
0:100  0:000  Cores: 4
0:100  0:000  FSB: 100 MHz
0:100  0:000  CPU: 1500 MHz
0:100  0:000  TSC: 1500 MHz
0:100  0:000  PIS: 100 MHz
0:100  0:000  ExternalClock: 25 MHz
0:100  0:000  === [ GetDevices ] ========================================
0:100  0:000  PCI (00|00:00.00) : 8086 5914 class=060000
0:100  0:000  PCI (00|00:02.00) : 8086 5917 class=030000
0:100  0:000   - GFX: Model=Intel UHD Graphics 620 (Intel)
0:100  0:000  PCI (00|00:14.00) : 8086 9D2F class=0C0330
0:100  0:000  PCI (00|00:14.02) : 8086 9D31 class=118000
0:100  0:000  PCI (00|00:15.00) : 8086 9D60 class=118000
0:100  0:000  PCI (00|00:16.00) : 8086 9D3A class=078000
0:100  0:000  PCI (00|00:17.00) : 8086 9D03 class=010601
0:100  0:000  PCI (00|00:1C.00) : 8086 9D10 class=060400
0:100  0:000  PCI (00|01:00.00) : 10DE 174E class=030200
0:100  0:000  PCI (00|00:1C.04) : 8086 9D14 class=060400
0:100  0:000  PCI (00|02:00.00) : 14E4 43A0 class=028000
0:100  0:000   - WIFI: Vendor=Broadcom
0:100  0:000  PCI (00|00:1C.05) : 8086 9D15 class=060400
0:100  0:000  PCI (00|03:00.00) : 10EC 8168 class=020000
0:100  0:000   - LAN: 0 Vendor=Realtek
0:100  0:000  PCI (00|00:1F.00) : 8086 9D4E class=060100
0:100  0:000  PCI (00|00:1F.02) : 8086 9D21 class=058000
0:100  0:000  PCI (00|00:1F.03) : 8086 9D71 class=040380
0:101  0:000  PCI (00|00:1F.04) : 8086 9D23 class=0C0500
0:101  0:000  === [ GetDefaultSettings ] ================================
0:101  0:000  Clover load options size = 0 bytes
0:105  0:004  EFI\CLOVER\config.plist loaded: Success
0:110  0:004  === [ GetListOfThemes ] ===================================
0:111  0:000  - [00]: OS
0:111  0:000  - [01]: random
0:112  0:000  - [01]: embedded
0:113  0:000  === [ Found config plists ] ===============================
0:113  0:000  - config.plist
0:113  0:000  === [ GetEarlyUserSettings ] ==============================
0:113  0:000  timeout set to 1
0:113  0:000  Custom boot CUSTOM_BOOT_THEME (0x0)
0:113  0:000  KernelXCPM: enabled
0:113  0:000  KextsToPatch: 4 requested
0:113  0:000   - [00]: com.apple.iokit.IOAHCIBlockStorage (Enable TRIM for SSD) :: BinPatch :: data len: 11
0:113  0:000   - [01]: com.apple.driver.AppleIntelLpssI2C (Prevent Apple I2C kexts from attaching to I2C controllers, credit CoolStar) :: PlistPatch :: data len: 5
0:113  0:000   - [02]: com.apple.driver.AppleIntelLpssI2CController (Prevent Apple I2C kexts from attaching to I2C controllers, credit CoolStar) :: PlistPatch :: data len: 5
0:113  0:000   - [03]: com.apple.driver.AppleBacklight (change F%uT%04x to F%uTxxxx in AppleBacklightInjector.kext (credit RehabMan)) :: BinPatch :: data len: 9
0:113  0:000  Default theme: OS
0:113  0:000  Hiding entries with string Preboot
0:113  0:000  Hiding entries with string Recovery
0:113  0:000  === [ LoadDrivers ] =======================================
0:114  0:000  Loading ApfsDriverLoader-64.efi  status=Success
0:116  0:002   - driver needs connecting
0:116  0:000  Loading AptioMemoryFix-64.efi  status=Success
0:120  0:003  Loading DataHubDxe-64.efi  status=Success
0:123  0:003  Loading HFSPlus.efi  status=Success
0:126  0:003   - driver needs connecting
0:127  0:000  Loading VirtualSmc.efi  status=Success
0:129  0:002  Loading FSInject-64.efi  status=Success
0:133  0:003  2 drivers needs connecting ...
0:133  0:000  PlatformDriverOverrideProtocol->GetDriver overriden
0:133  0:000  HFS+ driver loaded
0:133  0:000  APFS driver loaded
0:133  0:000  Searching for invalid DiskIo BY_DRIVER connects: not found, all ok
0:696  0:562  === [ InitScreen ] ========================================
0:696  0:000  SetScreenResolution: 1920x1080 - already set
0:696  0:000  Console modes reported: 7, available modes:
0:696  0:000   - [01]: 80x25
0:696  0:000   - [02]: 80x50
0:696  0:000   - [03]: 80x25
0:696  0:000   - [04]: 240x56 (current mode)
0:696  0:000   - [05]: 100x31
0:696  0:000   - [06]: 128x40
0:696  0:000   - [07]: 160x53
0:696  0:000  SetScreenResolution: 1920x1080 - already set
0:696  0:000  reinit: self device path=PciRoot(0x0)\Pci(0x17,0x0)\Sata(0x2,0x0,0x0)\HD(1,GPT,38BD7AF6-8EB2-4E69-B53F-8E455A3E3BE3,0x800,0xFA000)
0:697  0:001  Using embedded font: Success
0:699  0:001  === [ GetMacAddress ] =====================================
0:699  0:000   get legacy LAN MAC, 1 card found
0:699  0:000  Legacy MAC address of LAN #0= D8:C4:97:93:01:59:
0:699  0:000  === [ ScanSPD ] ===========================================
0:699  0:000  SMBus device : 8086 9D23 class=0C0500 status=Success
0:699  0:000  SMBus CmdReg: 0x3
0:699  0:000  Scanning SMBus [8086:9D23], mmio: 0xB442E004, ioport: 0x5040, hostc: 0x11
0:699  0:000  Slots to scan [8]...
0:700  0:000  SPD[2]: Type 12 @0x52
0:718  0:017  Not using XMP because it is not present
0:718  0:000  DDR speed 2400MHz
0:718  0:000  Slot: 2 Type 26 8192MB 2400MHz Vendor=Samsung PartNo=M471A1K43CB1-CRC SerialNo=0309020607050B00
0:718  0:000  === [ GetAcpiTablesList ] =================================
0:722  0:003  Get Acpi Tables List from RSDT:
0:722  0:000   - [00]: FACP  XMCC1709 len=268
0:722  0:000   - [01]: UEFI  XMCC1709 len=566
0:722  0:000   - [02]: UEFI  XMCC1709 len=66
0:722  0:000   - [03]: MSDM  XMCC1709 len=85
0:722  0:000   - [04]: SSDT  XMCC1709 len=1219
0:722  0:000   - [05]: SSDT  XMCC1709 len=70
0:722  0:000   - [06]: TPM2  XMCC1709 len=52
0:722  0:000   - [07]: SSDT  XMCC1709 len=12600
0:722  0:000   - [08]: SSDT  XMCC1709 len=1891
0:722  0:000   - [09]: ASF!  XMCC1709 len=165
0:722  0:000   - [10]: ASPT  XMCC1709 len=52
0:722  0:000   - [11]: BOOT  XMCC1709 len=40
0:722  0:000   - [12]: DBGP  XMCC1709 len=52
0:722  0:000   - [13]: HPET  XMCC1709 len=56
0:722  0:000   - [14]: APIC  XMCC1709 len=300
0:722  0:000   - [15]: MCFG  XMCC1709 len=60
0:722  0:000   - [16]: SLIC  XMCC1709 len=374
0:722  0:000   - [17]: SSDT  XMCC1709 len=1303
0:722  0:000   - [18]: SSDT  XMCC1709 len=221
0:722  0:000   - [19]: LPIT  XMCC1709 len=148
0:722  0:000   - [20]: WSMT  XMCC1709 len=40
0:722  0:000   - [21]: SSDT  XMCC1709 len=671
0:722  0:000   - [22]: SSDT  XMCC1709 len=838
0:722  0:000   - [23]: SSDT  XMCC1709 len=12290
0:722  0:000   - [24]: SSDT  XMCC1709 len=745
0:722  0:000   - [25]: SSDT  XMCC1709 len=1310
0:722  0:000   - [26]: DBGP  XMCC1709 len=52
0:722  0:000   - [27]: DBG2  XMCC1709 len=84
0:722  0:000   - [28]: SSDT  XMCC1709 len=4838
0:722  0:000   - [29]: SSDT  XMCC1709 len=6062
0:722  0:000   - [30]: SSDT  XMCC1709 len=12937
0:722  0:000   - [31]: DMAR  XMCC1709 len=204
0:722  0:000   - [32]: NHLT  XMCC1709 len=45
0:722  0:000   - [33]: FPDT  XMCC1709 len=68
0:722  0:000   - [34]: BGRT  XMCC1709 len=56
0:722  0:000  Calibrated TSC Frequency = 1797039260 = 1797MHz
0:722  0:000  === [ GetUserSettings ] ===================================
0:722  0:000  Add 1 devices:
0:722  0:000  USB FixOwnership: yes
0:722  0:000   - final DSDT Fix mask=080A9100
0:722  0:000  PatchesDSDT: 11 requested
0:722  0:000   - [00]: (change _OSI to XOSI) lenToFind: 4, lenToReplace: 4, Target Bridge: <null string>
0:722  0:000   - [01]: (change _DSM to XDSM) lenToFind: 4, lenToReplace: 4, Target Bridge: <null string>
0:722  0:000   - [02]: (change HDAS to HDEF) lenToFind: 4, lenToReplace: 4, Target Bridge: <null string>
0:722  0:000   - [03]: (change HECI to IMEI) lenToFind: 4, lenToReplace: 4, Target Bridge: <null string>
0:722  0:000   - [04]: (change GFX0 to IGPU) lenToFind: 4, lenToReplace: 4, Target Bridge: <null string>
0:722  0:000   - [05]: (change SAT0 to SATA) lenToFind: 4, lenToReplace: 4, Target Bridge: <null string>
0:722  0:000   - [06]: (change Method(_PTS,1,N) to ZPTS) lenToFind: 5, lenToReplace: 5, Target Bridge: <null string>
0:722  0:000   - [07]: (change Method(_WAK,1,S) to ZWAK) lenToFind: 5, lenToReplace: 5, Target Bridge: <null string>
0:722  0:000   - [08]: (change Method(GPRW,2,N) to XPRW) lenToFind: 5, lenToReplace: 5, Target Bridge: <null string>
0:722  0:000   - [09]: (change LGPA to XGPA) lenToFind: 5, lenToReplace: 5, Target Bridge: <null string>
0:722  0:000   - [10]: (change MATH to XATH) lenToFind: 4, lenToReplace: 4, Target Bridge: <null string>
0:722  0:000  Using ProductName from config: MacBookPro14,2
0:722  0:000  Found same BiosVersion in clover and config
0:722  0:000  BiosVersion: MBP142.88Z.0178.B00.1806260902
0:722  0:000  BiosReleaseDate: 06/26/2018
0:722  0:000  Using FirmwareFeatures from config: 0xFC0FE137
0:722  0:000  Using FirmwareFeaturesMask from config: 0xFF1FFF3F
0:722  0:000  Board-ID set from config as Mac-CAD6701F7CEA0921
0:722  0:000  BoardType: 0xA
0:722  0:000  ChassisType: 0x9
0:722  0:000  Converted CustomUUID 563C369E-5F7A-44CB-89F9-899060B6872D
0:723  0:000  === [ Found DSDT tables ] =================================
0:725  0:001  - DSDT.aml
1:508  0:783  === [ ScanVolumes ] =======================================
1:508  0:000  Found 13 volumes with blockIO
1:508  0:000  - [00]: Volume: PciRoot(0x0)\Pci(0x17,0x0)\Sata(0x0,0x0,0x0)
1:508  0:000          Result of bootcode detection: bootable unknown (legacy)
1:508  0:000  - [01]: Volume: PciRoot(0x0)\Pci(0x17,0x0)\Sata(0x2,0x0,0x0)
1:509  0:000          Result of bootcode detection: bootable unknown (legacy)
1:509  0:000  - [02]: Volume: PciRoot(0x0)\Pci(0x17,0x0)\Sata(0x0,0x0,0x0)\HD(1,MBR,0xCD45C090,0x800,0x74705800)
1:509  0:000  - [03]: Volume: PciRoot(0x0)\Pci(0x17,0x0)\Sata(0x2,0x0,0x0)\HD(1,GPT,38BD7AF6-8EB2-4E69-B53F-8E455A3E3BE3,0x800,0xFA000)
1:509  0:000          Result of bootcode detection: bootable Windows (win)
1:518  0:008          This is SelfVolume !!
1:518  0:000  - [04]: Volume: PciRoot(0x0)\Pci(0x17,0x0)\Sata(0x2,0x0,0x0)\HD(2,GPT,FB76EDF0-5A7E-4352-887F-2BA069D4A5D0,0xFA800,0x40000)
1:518  0:000          Result of bootcode detection: bootable unknown (legacy)
1:518  0:000  - [05]: Volume: PciRoot(0x0)\Pci(0x17,0x0)\Sata(0x2,0x0,0x0)\HD(3,GPT,89A33AE0-1FDF-418F-A7CD-63ADE9E00185,0x13A800,0xED41A8F)
1:518  0:000          Result of bootcode detection: bootable unknown (legacy)
1:518  0:000  - [06]: Volume: PciRoot(0x0)\Pci(0x14,0x0)\USB(0xD,0x0)
1:519  0:000          Result of bootcode detection: bootable unknown (legacy)
1:519  0:000          USB volume
1:519  0:000  - [07]: Volume: PciRoot(0x0)\Pci(0x14,0x0)\USB(0xD,0x0)\HD(1,GPT,06C3B7B1-E99C-4716-8877-1BACD1E0CAA9,0x28,0x64000)
1:520  0:000          Result of bootcode detection: bootable unknown (legacy)
1:520  0:000          USB volume
1:520  0:000  - [08]: Volume: PciRoot(0x0)\Pci(0x14,0x0)\USB(0xD,0x0)\HD(2,GPT,BF5801EC-7DFD-4559-A60D-FCA7A4F5617D,0x64028,0x391BFB0)
1:520  0:000          USB volume
1:520  0:000  - [09]: Volume: PciRoot(0x0)\Pci(0x17,0x0)\Sata(0x2,0x0,0x0)\HD(3,GPT,89A33AE0-1FDF-418F-A7CD-63ADE9E00185,0x13A800,0xED41A8F)\VenMedia(BE74FCF7-0B7C-49F3-9147-01F4042E6842,8EFC422D732C0F4A81A88FAA15F26510)
1:520  0:000          hiding this volume
1:520  0:000  - [10]: Volume: PciRoot(0x0)\Pci(0x17,0x0)\Sata(0x2,0x0,0x0)\HD(3,GPT,89A33AE0-1FDF-418F-A7CD-63ADE9E00185,0x13A800,0xED41A8F)\VenMedia(BE74FCF7-0B7C-49F3-9147-01F4042E6842,39F15F258D4A67428FD30BB692876D93)
1:521  0:000  - [11]: Volume: PciRoot(0x0)\Pci(0x17,0x0)\Sata(0x2,0x0,0x0)\HD(3,GPT,89A33AE0-1FDF-418F-A7CD-63ADE9E00185,0x13A800,0xED41A8F)\VenMedia(BE74FCF7-0B7C-49F3-9147-01F4042E6842,F454750E01C8EE4293BBF5991FA14C9F)
1:521  0:000          hiding this volume
1:521  0:000  - [12]: Volume: PciRoot(0x0)\Pci(0x17,0x0)\Sata(0x2,0x0,0x0)\HD(3,GPT,89A33AE0-1FDF-418F-A7CD-63ADE9E00185,0x13A800,0xED41A8F)\VenMedia(BE74FCF7-0B7C-49F3-9147-01F4042E6842,6E0AA9666A63C0458F1311D51ABC2474)
1:521  0:000  === [ InitTheme ] =========================================
1:536  0:014  Using theme 'OS' (EFI\CLOVER\themes\OS)
1:536  0:000  OS main and drive as badge
1:536  0:000  Warning! Character width 23 should be even!
1:540  0:003  Loading font from ThemeDir: Success
1:541  0:001  Chosen theme OS
1:541  0:000  after NVRAM boot-args= nv_disable=1 igfxrst=1 -lilubeta -alcbeta kext-dev-mode=1 darkwake=8
1:541  0:000  === [ Dump SMC keys from NVRAM ] ==========================
1:541  0:000  found AppleSMC protocol
1:568  0:026  === [ ScanLoader ] ========================================
1:568  0:000  - [02]: 'D'
1:580  0:012  - [03]: 'EFI'
1:584  0:003          AddLoaderEntry for Volume Name=EFI
1:584  0:000          skipped because entry is hidden
1:584  0:000  - [07]: 'EFI'
1:589  0:005          AddLoaderEntry for Volume Name=EFI
1:589  0:000          skipped because entry is hidden
1:589  0:000  - [08]: 'Install macOS Mojave'
1:590  0:000          AddLoaderEntry for Volume Name=Install macOS Mojave
1:629  0:039  - [09]: 'Preboot', hidden
1:629  0:000  - [10]: 'Mac OS'
1:637  0:007          AddLoaderEntry for Volume Name=Mac OS
1:639  0:002      Check if volume Is Hibernated:
1:639  0:000      Check sleep image 'by signature':
1:641  0:002      read prefs \Library\Preferences\com.apple.PowerManagement.plist status=Success
1:641  0:000      using default sleep image name = \private\var\vm\sleepimage
1:643  0:001      sleepimage not found -> Not Found
1:643  0:000      hibernated: no - sign
1:669  0:026          [!] Icon 18 (icons\vol_internal_apfs.icns) not found (path: EFI\CLOVER\themes\OS)
1:675  0:005  - [11]: 'Recovery', hidden
1:675  0:000  - [12]: 'VM'
1:679  0:004  Scanning legacy ...
1:679  0:000   3: 'EFI' (win) add legacy
1:700  0:021   added 'Boot Windows from EFI' OSType=2 Icon=win
1:703  0:002  === [ GetEfiBootDeviceFromNvram ] =========================
1:703  0:000   - efi-boot-device-data: PciRoot(0x0)\Pci(0x17,0x0)\Sata(0x2,0x0,0x0)\HD(3,GPT,89A33AE0-1FDF-418F-A7CD-63ADE9E00185,0x13A800,0xED41A8F)\VenMedia(BE74FCF7-0B7C-49F3-9147-01F4042E6842,39F15F258D4A67428FD30BB692876D93)
1:703  0:000    - Volume: 'PciRoot(0x0)\Pci(0x17,0x0)\Sata(0x2,0x0,0x0)\HD(3,GPT,89A33AE0-1FDF-418F-A7CD-63ADE9E00185,0x13A800,0xED41A8F)\VenMedia(BE74FCF7-0B7C-49F3-9147-01F4042E6842,39F15F258D4A67428FD30BB692876D93)'
1:703  0:000    - LoaderPath: '<null string>'
1:703  0:000    - Guid = 89A33AE0-1FDF-418F-A7CD-63ADE9E00185
1:703  0:000  === [ FindStartupDiskVolume ] =============================
1:703  0:000    - Volume: partition = PciRoot(0x0)\Pci(0x17,0x0)\Sata(0x2,0x0,0x0)\HD(3,GPT,89A33AE0-1FDF-418F-A7CD-63ADE9E00185,0x13A800,0xED41A8F)\VenMedia(BE74FCF7-0B7C-49F3-9147-01F4042E6842,39F15F258D4A67428FD30BB692876D93)
1:703  0:000     - searching for that partition
1:703  0:000      - found entry 1. 'Boot macOS from Mac OS', Volume 'Mac OS'
1:703  0:000  Boot redirected to Entry 1. 'Boot macOS from Mac OS'
1:703  0:000  DefaultIndex=1 and MainMenu.EntryCount=7
2:130  0:426  GUI ready
